<?xml version="1.0" encoding="UTF-8"?>
<testsuite name="testarea.CalculateTipJourney" tests="1" skipped="0" failures="0" errors="0" timestamp="2017-07-17T13:36:52" hostname="Aniks-MacBook-Pro.local" time="15.968">
  <properties/>
  <testcase name="verifyTipIsAsExpected" classname="testarea.CalculateTipJourney" time="15.968"/>
  <system-out><![CDATA[]]></system-out>
  <system-err><![CDATA[]]></system-err>
</testsuite>
