<?xml version="1.0" encoding="UTF-8"?>
<testsuite name="testarea.CalculateTipJourney" tests="1" skipped="0" failures="0" errors="0" timestamp="2017-07-20T10:17:38" hostname="Aniks-MacBook-Pro.local" time="16.036">
  <properties/>
  <testcase name="verifyTipIsAsExpected" classname="testarea.CalculateTipJourney" time="16.036"/>
  <system-out><![CDATA[]]></system-out>
  <system-err><![CDATA[]]></system-err>
</testsuite>
