<?xml version="1.0" encoding="UTF-8"?>
<testsuite name="testarea.CalculateTipJourney" tests="1" skipped="0" failures="0" errors="0" timestamp="2017-07-10T17:52:56" hostname="Aniks-MBP" time="16.343">
  <properties/>
  <testcase name="verifyTipIsAsExpected" classname="testarea.CalculateTipJourney" time="16.343"/>
  <system-out><![CDATA[]]></system-out>
  <system-err><![CDATA[]]></system-err>
</testsuite>
